

================================================================
== Vivado HLS Report for 'dut'
================================================================
* Date:           Wed Nov  1 17:41:44 2017

* Version:        2016.2 (Build 1577090 on Thu Jun 02 16:59:10 MDT 2016)
* Project:        cnn.prj
* Solution:       solution1
* Product family: zynq
* Target device:  xc7z020clg484-1


================================================================
== Performance Estimates
================================================================
+ Timing (ns): 
    * Summary: 
    +--------+-------+----------+------------+
    |  Clock | Target| Estimated| Uncertainty|
    +--------+-------+----------+------------+
    |ap_clk  |  10.00|      8.64|        1.25|
    +--------+-------+----------+------------+

+ Latency (clock cycles): 
    * Summary: 
    +--------+--------+--------+--------+---------+
    |     Latency     |     Interval    | Pipeline|
    |   min  |   max  |   min  |   max  |   Type  |
    +--------+--------+--------+--------+---------+
    |  119105|  119105|  119106|  119106|   none  |
    +--------+--------+--------+--------+---------+

    + Detail: 
        * Instance: 
        +-------------------------+--------------+--------+--------+--------+--------+---------+
        |                         |              |     Latency     |     Interval    | Pipeline|
        |         Instance        |    Module    |   min  |   max  |   min  |   max  |   Type  |
        +-------------------------+--------------+--------+--------+--------+--------+---------+
        |grp_dut_cnn_xcel_fu_106  |dut_cnn_xcel  |  117950|  117950|  117950|  117950|   none  |
        +-------------------------+--------------+--------+--------+--------+--------+---------+

        * Loop: 
        +----------+------+------+----------+-----------+-----------+------+----------+
        |          |   Latency   | Iteration|  Initiation Interval  | Trip |          |
        | Loop Name|  min |  max |  Latency |  achieved |   target  | Count| Pipelined|
        +----------+------+------+----------+-----------+-----------+------+----------+
        |- Loop 1  |  1152|  1152|         2|          -|          -|   576|    no    |
        +----------+------+------+----------+-----------+-----------+------+----------+



================================================================
== Utilization Estimates
================================================================
* Summary: 
+-----------------+---------+-------+--------+-------+
|       Name      | BRAM_18K| DSP48E|   FF   |  LUT  |
+-----------------+---------+-------+--------+-------+
|DSP              |        -|      -|       -|      -|
|Expression       |        -|      -|       0|     15|
|FIFO             |        -|      -|       -|      -|
|Instance         |       84|     79|    4267|   6062|
|Memory           |        2|      -|       0|      0|
|Multiplexer      |        -|      -|       -|     24|
|Register         |        -|      -|     107|      -|
+-----------------+---------+-------+--------+-------+
|Total            |       86|     79|    4374|   6101|
+-----------------+---------+-------+--------+-------+
|Available        |      280|    220|  106400|  53200|
+-----------------+---------+-------+--------+-------+
|Utilization (%)  |       30|     35|       4|     11|
+-----------------+---------+-------+--------+-------+

+ Detail: 
    * Instance: 
    +-------------------------+--------------+---------+-------+------+------+
    |         Instance        |    Module    | BRAM_18K| DSP48E|  FF  |  LUT |
    +-------------------------+--------------+---------+-------+------+------+
    |grp_dut_cnn_xcel_fu_106  |dut_cnn_xcel  |       84|     79|  4267|  6062|
    +-------------------------+--------------+---------+-------+------+------+
    |Total                    |              |       84|     79|  4267|  6062|
    +-------------------------+--------------+---------+-------+------+------+

    * DSP48: 
    N/A

    * Memory: 
    +----------+------------+---------+---+----+------+-----+------+-------------+
    |  Memory  |   Module   | BRAM_18K| FF| LUT| Words| Bits| Banks| W*Bits*Banks|
    +----------+------------+---------+---+----+------+-----+------+-------------+
    |result_U  |dut_result  |        2|  0|   0|   576|   32|     1|        18432|
    +----------+------------+---------+---+----+------+-----+------+-------------+
    |Total     |            |        2|  0|   0|   576|   32|     1|        18432|
    +----------+------------+---------+---+----+------+-----+------+-------------+

    * FIFO: 
    N/A

    * Expression: 
    +--------------------+----------+-------+---+----+------------+------------+
    |    Variable Name   | Operation| DSP48E| FF| LUT| Bitwidth P0| Bitwidth P1|
    +--------------------+----------+-------+---+----+------------+------------+
    |i_1_fu_138_p2       |     +    |      0|  0|  10|          10|           1|
    |exitcond_fu_132_p2  |   icmp   |      0|  0|   4|          10|          10|
    |ap_sig_59           |    or    |      0|  0|   1|           1|           1|
    +--------------------+----------+-------+---+----+------------+------------+
    |Total               |          |      0|  0|  15|          21|          12|
    +--------------------+----------+-------+---+----+------------+------------+

    * Multiplexer: 
    +--------------------+----+-----------+-----+-----------+
    |        Name        | LUT| Input Size| Bits| Total Bits|
    +--------------------+----+-----------+-----+-----------+
    |ap_NS_fsm           |   1|          6|    1|          6|
    |i_reg_95            |  10|          2|   10|         20|
    |result_address0     |  10|          3|   10|         30|
    |result_ce0          |   1|          3|    1|          3|
    |strm_in_V_V_blk_n   |   1|          2|    1|          2|
    |strm_out_V_V_blk_n  |   1|          2|    1|          2|
    +--------------------+----+-----------+-----+-----------+
    |Total               |  24|         18|   24|         63|
    +--------------------+----+-----------+-----+-----------+

    * Register: 
    +-----------------------------------------+----+----+-----+-----------+
    |                   Name                  | FF | LUT| Bits| Const Bits|
    +-----------------------------------------+----+----+-----+-----------+
    |ap_CS_fsm                                |   5|   0|    5|          0|
    |ap_reg_grp_dut_cnn_xcel_fu_106_ap_start  |   1|   0|    1|          0|
    |i_1_reg_162                              |  10|   0|   10|          0|
    |i_reg_95                                 |  10|   0|   10|          0|
    |p_Result_s_reg_154                       |  49|   0|   49|          0|
    |tmp_V_2_reg_149                          |  32|   0|   32|          0|
    +-----------------------------------------+----+----+-----+-----------+
    |Total                                    | 107|   0|  107|          0|
    +-----------------------------------------+----+----+-----+-----------+



================================================================
== Interface
================================================================
* Summary: 
+---------------------+-----+-----+------------+--------------+--------------+
|      RTL Ports      | Dir | Bits|  Protocol  | Source Object|    C Type    |
+---------------------+-----+-----+------------+--------------+--------------+
|ap_clk               |  in |    1| ap_ctrl_hs |      dut     | return value |
|ap_rst               |  in |    1| ap_ctrl_hs |      dut     | return value |
|ap_start             |  in |    1| ap_ctrl_hs |      dut     | return value |
|ap_done              | out |    1| ap_ctrl_hs |      dut     | return value |
|ap_idle              | out |    1| ap_ctrl_hs |      dut     | return value |
|ap_ready             | out |    1| ap_ctrl_hs |      dut     | return value |
|strm_in_V_V_dout     |  in |   32|   ap_fifo  |  strm_in_V_V |    pointer   |
|strm_in_V_V_empty_n  |  in |    1|   ap_fifo  |  strm_in_V_V |    pointer   |
|strm_in_V_V_read     | out |    1|   ap_fifo  |  strm_in_V_V |    pointer   |
|strm_out_V_V_din     | out |   32|   ap_fifo  | strm_out_V_V |    pointer   |
|strm_out_V_V_full_n  |  in |    1|   ap_fifo  | strm_out_V_V |    pointer   |
|strm_out_V_V_write   | out |    1|   ap_fifo  | strm_out_V_V |    pointer   |
+---------------------+-----+-----+------------+--------------+--------------+

